  main.cpp
  The contents of <filesystem> are available only with C++17 or later.
D:\programming\SoftVs\Task 3\Task 3\ThreadInterface.h(12,21): error C2039: 'filesystem': is not a member of 'std'
C:\Program Files (x86)\Microsoft Visual Studio\2019\Community\VC\Tools\MSVC\14.29.30037\include\mutex(30): message : see declaration of 'std'
D:\programming\SoftVs\Task 3\Task 3\ThreadInterface.h(12,31): error C2878: 'filesystem': a namespace or class of this name does not exist
D:\programming\SoftVs\Task 3\Task 3\ThreadInterface.h(44,2): error C2653: 'fs': is not a class or namespace name
D:\programming\SoftVs\Task 3\Task 3\ThreadInterface.h(44,35): error C3646: '_iterFileStream': unknown override specifier
D:\programming\SoftVs\Task 3\Task 3\ThreadInterface.h(44,50): error C4430: missing type specifier - int assumed. Note: C++ does not support default-int
  Scanner.cpp
  ThreadInterface.cpp
  The contents of <filesystem> are available only with C++17 or later.
D:\programming\SoftVs\Task 3\Task 3\ThreadInterface.h(12,21): error C2039: 'filesystem': is not a member of 'std'
C:\Program Files (x86)\Microsoft Visual Studio\2019\Community\VC\Tools\MSVC\14.29.30037\include\iostream(19): message : see declaration of 'std'
D:\programming\SoftVs\Task 3\Task 3\ThreadInterface.h(12,31): error C2878: 'filesystem': a namespace or class of this name does not exist
D:\programming\SoftVs\Task 3\Task 3\ThreadInterface.h(44,2): error C2653: 'fs': is not a class or namespace name
D:\programming\SoftVs\Task 3\Task 3\ThreadInterface.h(44,35): error C3646: '_iterFileStream': unknown override specifier
D:\programming\SoftVs\Task 3\Task 3\ThreadInterface.h(44,50): error C4430: missing type specifier - int assumed. Note: C++ does not support default-int
D:\programming\SoftVs\Task 3\Task 3\ThreadInterface.cpp(6,5): error C2614: 'ThreadInterface': illegal member initialization: '_iterFileStream' is not a base or member
D:\programming\SoftVs\Task 3\Task 3\ThreadInterface.cpp(88,14): error C2065: '_iterFileStream': undeclared identifier
D:\programming\SoftVs\Task 3\Task 3\ThreadInterface.cpp(88,37): error C2065: '_iterFileStream': undeclared identifier
D:\programming\SoftVs\Task 3\Task 3\ThreadInterface.cpp(90,21): error C2065: '_iterFileStream': undeclared identifier
D:\programming\SoftVs\Task 3\Task 3\ThreadInterface.cpp(91,32): error C3536: 'path': cannot be used before it is initialized
D:\programming\SoftVs\Task 3\Task 3\ThreadInterface.cpp(100,9): error C2065: '_iterFileStream': undeclared identifier
